<?xml version="1.0" encoding="UTF-8"?>
<!-- Generated by org.testng.reporters.JUnitReportReporter -->
<testsuite hostname="DESKTOP-4V6UVON" failures="0" tests="3" name="Assessment.AllScenario" time="18.515" errors="0" timestamp="2022-12-10T14:13:45 IST" skipped="0">
  <testcase classname="Assessment.AllScenario" name="Test_3" time="3.519"/>
  <system-out/>
  <testcase classname="Assessment.AllScenario" name="Test_1" time="6.904"/>
  <system-out/>
  <testcase classname="Assessment.AllScenario" name="Test_2" time="8.092"/>
  <system-out/>
</testsuite> <!-- Assessment.AllScenario -->
