<?xml version="1.0" encoding="UTF-8"?>
<!-- Generated by org.testng.reporters.JUnitReportReporter -->
<testsuite hostname="DESKTOP-E0TATUU" failures="0" tests="1" name="smoke.Smoke" time="16.312" errors="0" timestamp="2022-05-23T12:06:10 IST" skipped="0">
  <testcase classname="smoke.Smoke" name="login" time="16.312"/>
  <system-out/>
</testsuite> <!-- smoke.Smoke -->
