<?xml version="1.0" encoding="UTF-8"?>
<!-- Generated by org.testng.reporters.JUnitReportReporter -->
<testsuite hostname="DESKTOP-05QEL7K" failures="0" tests="1" name="task.taskkk" time="33.468" errors="0" timestamp="2022-01-10T14:28:36 IST" skipped="0">
  <testcase classname="task.taskkk" name="Ukingdom" time="33.468"/>
  <system-out/>
</testsuite> <!-- task.taskkk -->
