<?xml version="1.0" encoding="UTF-8"?>
<!-- Generated by org.testng.reporters.JUnitReportReporter -->
<testsuite hostname="DESKTOP-4V6UVON" failures="0" tests="1" name="Assessment.Scenario_1" time="6.276" errors="0" timestamp="2022-12-10T11:45:02 IST" skipped="0">
  <testcase classname="Assessment.Scenario_1" name="Test_1" time="6.276"/>
  <system-out/>
</testsuite> <!-- Assessment.Scenario_1 -->
