<?xml version="1.0" encoding="UTF-8"?>
<!-- Generated by org.testng.reporters.JUnitReportReporter -->
<testsuite hostname="DESKTOP-05QEL7K" failures="0" tests="1" name="sanity.Sanity" time="34.395" errors="0" timestamp="2022-01-20T21:11:56 IST" skipped="0">
  <testcase classname="sanity.Sanity" name="NR_2" time="34.395"/>
  <system-out/>
</testsuite> <!-- sanity.Sanity -->
