<?xml version="1.0" encoding="UTF-8"?>
<!-- Generated by org.testng.reporters.JUnitReportReporter -->
<testsuite hostname="DESKTOP-05QEL7K" failures="0" tests="2" name="vinodd" time="24.310" errors="0" timestamp="2021-12-15T14:12:34 IST" skipped="0">
  <testcase classname="vinodd" name="creteYourOwn" time="12.189"/>
  <system-out/>
  <testcase classname="vinodd" name="click" time="12.121"/>
  <system-out/>
</testsuite> <!-- vinodd -->
